<?xml version="1.0" encoding="UTF-8"?>
<testng-results ignored="0" total="6" passed="6" failed="0" skipped="0">
  <reporter-output>
  </reporter-output>
  <suite started-at="2022-11-22T23:52:45Z" name="Default suite" finished-at="2022-11-22T23:53:15Z" duration-ms="30107">
    <groups>
      <group name="cucumber">
        <method signature="AbstractTestNGCucumberTests.runScenario(io.cucumber.testng.PickleWrapper, io.cucumber.testng.FeatureWrapper)[pri:0, instance:com.sausedemo.runner.Runner@74960bfa]" name="runScenario" class="io.cucumber.testng.AbstractTestNGCucumberTests"/>
      </group> <!-- cucumber -->
    </groups>
    <test started-at="2022-11-22T23:52:45Z" name="Default test" finished-at="2022-11-22T23:53:15Z" duration-ms="30107">
      <class name="com.sausedemo.runner.Runner">
        <test-method is-config="true" signature="setUpClass(org.testng.ITestContext)[pri:0, instance:com.sausedemo.runner.Runner@74960bfa]" started-at="2022-11-22T23:52:45Z" name="setUpClass" finished-at="2022-11-22T23:52:45Z" duration-ms="269" status="PASS">
          <params>
            <param index="0">
              <value>
                <![CDATA[org.testng.TestRunner@56cd5d76]]>
              </value>
            </param>
          </params>
          <reporter-output>
          </reporter-output>
        </test-method> <!-- setUpClass -->
        <test-method is-config="true" signature="beforeclass(java.lang.String)[pri:0, instance:com.sausedemo.runner.Runner@74960bfa]" started-at="2022-11-22T23:52:45Z" name="beforeclass" finished-at="2022-11-22T23:52:45Z" duration-ms="88" status="PASS">
          <params>
            <param index="0">
              <value>
                <![CDATA["chrome"]]>
              </value>
            </param>
          </params>
          <reporter-output>
          </reporter-output>
        </test-method> <!-- beforeclass -->
        <test-method signature="runScenario(io.cucumber.testng.PickleWrapper, io.cucumber.testng.FeatureWrapper)[pri:0, instance:com.sausedemo.runner.Runner@74960bfa]" started-at="2022-11-22T23:52:45Z" name="runScenario" description="Runs Cucumber Scenarios" data-provider="scenarios" finished-at="2022-11-22T23:52:51Z" duration-ms="6110" status="PASS">
          <params>
            <param index="0">
              <value>
                <![CDATA["User is able to Add Product On the Cart"]]>
              </value>
            </param>
            <param index="1">
              <value>
                <![CDATA["Testing LogIn and Checkout Functionality to the WebApplication"]]>
              </value>
            </param>
          </params>
          <reporter-output>
          </reporter-output>
        </test-method> <!-- runScenario -->
        <test-method signature="runScenario(io.cucumber.testng.PickleWrapper, io.cucumber.testng.FeatureWrapper)[pri:0, instance:com.sausedemo.runner.Runner@74960bfa]" started-at="2022-11-22T23:52:51Z" name="runScenario" description="Runs Cucumber Scenarios" data-provider="scenarios" finished-at="2022-11-22T23:52:56Z" duration-ms="4575" status="PASS">
          <params>
            <param index="0">
              <value>
                <![CDATA["User is able to  Successfully Log Out"]]>
              </value>
            </param>
            <param index="1">
              <value>
                <![CDATA["Testing LogIn and Checkout Functionality to the WebApplication"]]>
              </value>
            </param>
          </params>
          <reporter-output>
          </reporter-output>
        </test-method> <!-- runScenario -->
        <test-method signature="runScenario(io.cucumber.testng.PickleWrapper, io.cucumber.testng.FeatureWrapper)[pri:0, instance:com.sausedemo.runner.Runner@74960bfa]" started-at="2022-11-22T23:52:56Z" name="runScenario" description="Runs Cucumber Scenarios" data-provider="scenarios" finished-at="2022-11-22T23:53:00Z" duration-ms="3614" status="PASS">
          <params>
            <param index="0">
              <value>
                <![CDATA["This scenario test all invalid username and password"]]>
              </value>
            </param>
            <param index="1">
              <value>
                <![CDATA["Testing the login functionality to the application"]]>
              </value>
            </param>
          </params>
          <reporter-output>
          </reporter-output>
        </test-method> <!-- runScenario -->
        <test-method signature="runScenario(io.cucumber.testng.PickleWrapper, io.cucumber.testng.FeatureWrapper)[pri:0, instance:com.sausedemo.runner.Runner@74960bfa]" started-at="2022-11-22T23:53:00Z" name="runScenario" description="Runs Cucumber Scenarios" data-provider="scenarios" finished-at="2022-11-22T23:53:05Z" duration-ms="5046" status="PASS">
          <params>
            <param index="0">
              <value>
                <![CDATA["This scenario test all invalid username and password"]]>
              </value>
            </param>
            <param index="1">
              <value>
                <![CDATA["Testing the login functionality to the application"]]>
              </value>
            </param>
          </params>
          <reporter-output>
          </reporter-output>
        </test-method> <!-- runScenario -->
        <test-method signature="runScenario(io.cucumber.testng.PickleWrapper, io.cucumber.testng.FeatureWrapper)[pri:0, instance:com.sausedemo.runner.Runner@74960bfa]" started-at="2022-11-22T23:53:05Z" name="runScenario" description="Runs Cucumber Scenarios" data-provider="scenarios" finished-at="2022-11-22T23:53:10Z" duration-ms="5176" status="PASS">
          <params>
            <param index="0">
              <value>
                <![CDATA["This scenario test all invalid username and password"]]>
              </value>
            </param>
            <param index="1">
              <value>
                <![CDATA["Testing the login functionality to the application"]]>
              </value>
            </param>
          </params>
          <reporter-output>
          </reporter-output>
        </test-method> <!-- runScenario -->
        <test-method signature="runScenario(io.cucumber.testng.PickleWrapper, io.cucumber.testng.FeatureWrapper)[pri:0, instance:com.sausedemo.runner.Runner@74960bfa]" started-at="2022-11-22T23:53:10Z" name="runScenario" description="Runs Cucumber Scenarios" data-provider="scenarios" finished-at="2022-11-22T23:53:15Z" duration-ms="4689" status="PASS">
          <params>
            <param index="0">
              <value>
                <![CDATA["This scenario test all invalid username and password"]]>
              </value>
            </param>
            <param index="1">
              <value>
                <![CDATA["Testing the login functionality to the application"]]>
              </value>
            </param>
          </params>
          <reporter-output>
          </reporter-output>
        </test-method> <!-- runScenario -->
        <test-method is-config="true" signature="afterclass()[pri:0, instance:com.sausedemo.runner.Runner@74960bfa]" started-at="2022-11-22T23:53:15Z" name="afterclass" finished-at="2022-11-22T23:53:15Z" duration-ms="0" status="PASS">
          <reporter-output>
          </reporter-output>
        </test-method> <!-- afterclass -->
        <test-method is-config="true" signature="tearDownClass()[pri:0, instance:com.sausedemo.runner.Runner@74960bfa]" started-at="2022-11-22T23:53:15Z" name="tearDownClass" finished-at="2022-11-22T23:53:15Z" duration-ms="511" status="PASS">
          <reporter-output>
          </reporter-output>
        </test-method> <!-- tearDownClass -->
      </class> <!-- com.sausedemo.runner.Runner -->
    </test> <!-- Default test -->
  </suite> <!-- Default suite -->
</testng-results>
